2025-11-03 13:02:30.698 [main] WARN  c.s.a.StockTaxCalculatorApplication - No operations provided in input
2025-11-03 14:12:27.756 [main] ERROR c.s.i.adapters.JsonInputAdapter - Failed to parse JSON line: [{"operation":"buy", "unit-cost":10.00, "quantity": 10000},
com.fasterxml.jackson.core.JsonParseException: Unexpected end-of-input within/between Array entries
 at [Source: (String)"[{"operation":"buy", "unit-cost":10.00, "quantity": 10000},"; line: 1, column: 60]
	at com.fasterxml.jackson.core.JsonParser._constructError(JsonParser.java:2477)
	at com.fasterxml.jackson.core.json.ReaderBasedJsonParser._skipAfterComma2(ReaderBasedJsonParser.java:2514)
	at com.fasterxml.jackson.core.json.ReaderBasedJsonParser._skipComma(ReaderBasedJsonParser.java:2484)
	at com.fasterxml.jackson.core.json.ReaderBasedJsonParser.nextToken(ReaderBasedJsonParser.java:719)
	at com.fasterxml.jackson.databind.deser.std.CollectionDeserializer._deserializeFromArray(CollectionDeserializer.java:350)
	at com.fasterxml.jackson.databind.deser.std.CollectionDeserializer.deserialize(CollectionDeserializer.java:244)
	at com.fasterxml.jackson.databind.deser.std.CollectionDeserializer.deserialize(CollectionDeserializer.java:28)
	at com.fasterxml.jackson.databind.deser.DefaultDeserializationContext.readRootValue(DefaultDeserializationContext.java:323)
	at com.fasterxml.jackson.databind.ObjectMapper._readMapAndClose(ObjectMapper.java:4825)
	at com.fasterxml.jackson.databind.ObjectMapper.readValue(ObjectMapper.java:3772)
	at com.fasterxml.jackson.databind.ObjectMapper.readValue(ObjectMapper.java:3755)
	at com.stocktax.infrastructure.adapters.JsonInputAdapter.parseOperationsLine(JsonInputAdapter.java:68)
	at com.stocktax.infrastructure.adapters.JsonInputAdapter.readOperations(JsonInputAdapter.java:44)
	at com.stocktax.application.StockTaxCalculatorApplication.run(StockTaxCalculatorApplication.java:48)
	at com.stocktax.application.StockTaxCalculatorApplication.main(StockTaxCalculatorApplication.java:38)
2025-11-03 14:12:27.760 [main] DEBUG c.s.i.adapters.JsonInputAdapter - JSON not complete yet, continuing to read lines
2025-11-03 14:12:27.761 [main] ERROR c.s.i.adapters.JsonInputAdapter - Failed to parse JSON line: [{"operation":"buy", "unit-cost":20.00, "quantity": 10000},
com.fasterxml.jackson.core.JsonParseException: Unexpected end-of-input within/between Array entries
 at [Source: (String)"[{"operation":"buy", "unit-cost":20.00, "quantity": 10000},"; line: 1, column: 60]
	at com.fasterxml.jackson.core.JsonParser._constructError(JsonParser.java:2477)
	at com.fasterxml.jackson.core.json.ReaderBasedJsonParser._skipAfterComma2(ReaderBasedJsonParser.java:2514)
	at com.fasterxml.jackson.core.json.ReaderBasedJsonParser._skipComma(ReaderBasedJsonParser.java:2484)
	at com.fasterxml.jackson.core.json.ReaderBasedJsonParser.nextToken(ReaderBasedJsonParser.java:719)
	at com.fasterxml.jackson.databind.deser.std.CollectionDeserializer._deserializeFromArray(CollectionDeserializer.java:350)
	at com.fasterxml.jackson.databind.deser.std.CollectionDeserializer.deserialize(CollectionDeserializer.java:244)
	at com.fasterxml.jackson.databind.deser.std.CollectionDeserializer.deserialize(CollectionDeserializer.java:28)
	at com.fasterxml.jackson.databind.deser.DefaultDeserializationContext.readRootValue(DefaultDeserializationContext.java:323)
	at com.fasterxml.jackson.databind.ObjectMapper._readMapAndClose(ObjectMapper.java:4825)
	at com.fasterxml.jackson.databind.ObjectMapper.readValue(ObjectMapper.java:3772)
	at com.fasterxml.jackson.databind.ObjectMapper.readValue(ObjectMapper.java:3755)
	at com.stocktax.infrastructure.adapters.JsonInputAdapter.parseOperationsLine(JsonInputAdapter.java:68)
	at com.stocktax.infrastructure.adapters.JsonInputAdapter.readOperations(JsonInputAdapter.java:44)
	at com.stocktax.application.StockTaxCalculatorApplication.run(StockTaxCalculatorApplication.java:48)
	at com.stocktax.application.StockTaxCalculatorApplication.main(StockTaxCalculatorApplication.java:38)
2025-11-03 14:12:27.761 [main] DEBUG c.s.i.adapters.JsonInputAdapter - JSON not complete yet, continuing to read lines
2025-11-03 14:12:43.698 [main] INFO  c.s.i.adapters.JsonOutputAdapter - [{"tax":0},{"tax":10000.0000}]
2025-11-03 14:12:43.699 [main] INFO  c.s.i.adapters.JsonOutputAdapter - [{"tax":0},{"tax":0}]
2025-11-03 14:13:38.085 [main] INFO  c.s.i.adapters.JsonOutputAdapter - [{"tax":0},{"tax":10000.0000}]
2025-11-03 14:13:38.087 [main] INFO  c.s.i.adapters.JsonOutputAdapter - [{"tax":0},{"tax":0}]
2025-11-03 14:26:15.495 [main] WARN  c.s.a.StockTaxCalculatorApplication - No operations provided in input
2025-11-03 14:26:15.510 [main] WARN  c.s.a.TaxCalculationService - Empty operations list provided
2025-11-03 14:26:58.935 [main] WARN  c.s.a.StockTaxCalculatorApplication - No operations provided in input
2025-11-03 14:26:58.944 [main] WARN  c.s.a.TaxCalculationService - Empty operations list provided
